
**** Build of configuration Debug for project genicExtractor ****

make all 
Building file: ../src/gff3Analyzer.cpp
Invoking: GCC C++ Compiler
g++ -O0 -g3 -Wall -c -fmessage-length=0 -MMD -MP -MF"src/gff3Analyzer.d" -MT"src/gff3Analyzer.d" -o "src/gff3Analyzer.o" "../src/gff3Analyzer.cpp"
../src/gff3Analyzer.cpp: In member function ‘void gff3Analyzer::collectAnnotationData()’:
../src/gff3Analyzer.cpp:64:6: warning: unused variable ‘a’ [-Wunused-variable]
../src/gff3Analyzer.cpp: In member function ‘void gff3Analyzer::getExonsInformation()’:
../src/gff3Analyzer.cpp:147:6: warning: unused variable ‘a’ [-Wunused-variable]
../src/gff3Analyzer.cpp: In member function ‘std::string gff3Analyzer::extractIDFromAttribute(std::string)’:
../src/gff3Analyzer.cpp:198:56: warning: comparison between signed and unsigned integer expressions [-Wsign-compare]
../src/gff3Analyzer.cpp: In member function ‘geneInformation gff3Analyzer::getGeneInformation()’:
../src/gff3Analyzer.cpp:228:71: warning: comparison between signed and unsigned integer expressions [-Wsign-compare]
../src/gff3Analyzer.cpp:242:72: warning: comparison between signed and unsigned integer expressions [-Wsign-compare]
Finished building: ../src/gff3Analyzer.cpp
 
Building target: genicExtractor
Invoking: GCC C++ Linker
g++  -o "genicExtractor"  ./src/genicExtractor.o ./src/gff3Analyzer.o   
Finished building target: genicExtractor
 

**** Build Finished ****
